<?xml version="1.0" encoding="UTF-8"?>
<testsuite xmlns:xsi="http://www.w3.org/2001/XMLSchema-instance" xsi:noNamespaceSchemaLocation="https://maven.apache.org/surefire/maven-surefire-plugin/xsd/surefire-test-report-3.0.xsd" version="3.0" name="TestSuite" time="33.313" tests="2" errors="0" skipped="0" failures="0">
  <properties>
[...]
</properties>
  <testcase name="facebook[{password=123456, last=shetty, first=navya, email=navyashetty@gmail.com}](1)" classname="test.Completetest" time="10.514">
    <system-out><![CDATA[[DEBUG] 2022-01-26 15:24:27.563 [main] InternalLoggerFactory - Using Log4J2 as the default logging framework
[DEBUG] 2022-01-26 15:24:27.574 [main] ResourceLeakDetector - -Dio.netty.leakDetection.level: simple
[DEBUG] 2022-01-26 15:24:27.574 [main] ResourceLeakDetector - -Dio.netty.leakDetection.targetRecords: 4
[DEBUG] 2022-01-26 15:24:27.580 [main] ResourceLeakDetectorFactory - Loaded default ResourceLeakDetector: io.netty.util.ResourceLeakDetector@5cc5b667
[DEBUG] 2022-01-26 15:24:27.609 [main] PlatformDependent0 - -Dio.netty.noUnsafe: false
[DEBUG] 2022-01-26 15:24:27.609 [main] PlatformDependent0 - Java version: 16
[DEBUG] 2022-01-26 15:24:27.613 [main] PlatformDependent0 - sun.misc.Unsafe.theUnsafe: available
[DEBUG] 2022-01-26 15:24:27.614 [main] PlatformDependent0 - sun.misc.Unsafe.copyMemory: available
[DEBUG] 2022-01-26 15:24:27.616 [main] PlatformDependent0 - java.nio.Buffer.address: available
[DEBUG] 2022-01-26 15:24:27.617 [main] PlatformDependent0 - direct buffer constructor: unavailable: Reflective setAccessible(true) disabled
[DEBUG] 2022-01-26 15:24:27.618 [main] PlatformDependent0 - java.nio.Bits.unaligned: available, true
[DEBUG] 2022-01-26 15:24:27.620 [main] PlatformDependent0 - jdk.internal.misc.Unsafe.allocateUninitializedArray(int): unavailable: class io.netty.util.internal.PlatformDependent0$6 cannot access class jdk.internal.misc.Unsafe (in module java.base) because module java.base does not export jdk.internal.misc to unnamed module @484970b0
[DEBUG] 2022-01-26 15:24:27.621 [main] PlatformDependent0 - java.nio.DirectByteBuffer.<init>(long, int): unavailable
[DEBUG] 2022-01-26 15:24:27.622 [main] PlatformDependent - sun.misc.Unsafe: available
[DEBUG] 2022-01-26 15:24:27.622 [main] PlatformDependent - maxDirectMemory: 2027945984 bytes (maybe)
[DEBUG] 2022-01-26 15:24:27.623 [main] PlatformDependent - -Dio.netty.tmpdir: C:\Users\lenovo\AppData\Local\Temp (java.io.tmpdir)
[DEBUG] 2022-01-26 15:24:27.623 [main] PlatformDependent - -Dio.netty.bitMode: 64 (sun.arch.data.model)
[DEBUG] 2022-01-26 15:24:27.624 [main] PlatformDependent - Platform: Windows
[DEBUG] 2022-01-26 15:24:27.625 [main] PlatformDependent - -Dio.netty.maxDirectMemory: -1 bytes
[DEBUG] 2022-01-26 15:24:27.625 [main] PlatformDependent - -Dio.netty.uninitializedArrayAllocationThreshold: -1
[DEBUG] 2022-01-26 15:24:27.627 [main] CleanerJava9 - java.nio.ByteBuffer.cleaner(): available
[DEBUG] 2022-01-26 15:24:27.627 [main] PlatformDependent - -Dio.netty.noPreferDirect: false
[DEBUG] 2022-01-26 15:24:27.639 [main] PlatformDependent - org.jctools-core.MpscChunkedArrayQueue: available
[DEBUG] 2022-01-26 15:24:27.669 [main] InternalThreadLocalMap - -Dio.netty.threadLocalMap.stringBuilder.initialSize: 1024
[DEBUG] 2022-01-26 15:24:27.669 [main] InternalThreadLocalMap - -Dio.netty.threadLocalMap.stringBuilder.maxSize: 4096
[DEBUG] 2022-01-26 15:24:27.869 [main] JdkSslContext - Default protocols (JDK): [TLSv1.3, TLSv1.2] 
[DEBUG] 2022-01-26 15:24:27.870 [main] JdkSslContext - Default cipher suites (JDK): [TLS_ECDHE_ECDSA_WITH_AES_256_GCM_SHA384, TLS_ECDHE_ECDSA_WITH_AES_128_GCM_SHA256, TLS_ECDHE_RSA_WITH_AES_128_GCM_SHA256, TLS_ECDHE_RSA_WITH_AES_256_GCM_SHA384, TLS_ECDHE_RSA_WITH_AES_128_CBC_SHA, TLS_ECDHE_RSA_WITH_AES_256_CBC_SHA, TLS_RSA_WITH_AES_128_GCM_SHA256, TLS_RSA_WITH_AES_128_CBC_SHA, TLS_RSA_WITH_AES_256_CBC_SHA, TLS_AES_128_GCM_SHA256, TLS_AES_256_GCM_SHA384]
[DEBUG] 2022-01-26 15:24:27.907 [main] MultithreadEventLoopGroup - -Dio.netty.eventLoopThreads: 16
[DEBUG] 2022-01-26 15:24:27.919 [main] NioEventLoop - -Dio.netty.noKeySetOptimization: false
[DEBUG] 2022-01-26 15:24:27.919 [main] NioEventLoop - -Dio.netty.selectorAutoRebuildThreshold: 512
[DEBUG] 2022-01-26 15:24:28.001 [main] PooledByteBufAllocator - -Dio.netty.allocator.numHeapArenas: 16
[DEBUG] 2022-01-26 15:24:28.001 [main] PooledByteBufAllocator - -Dio.netty.allocator.numDirectArenas: 16
[DEBUG] 2022-01-26 15:24:28.001 [main] PooledByteBufAllocator - -Dio.netty.allocator.pageSize: 8192
[DEBUG] 2022-01-26 15:24:28.001 [main] PooledByteBufAllocator - -Dio.netty.allocator.maxOrder: 11
[DEBUG] 2022-01-26 15:24:28.001 [main] PooledByteBufAllocator - -Dio.netty.allocator.chunkSize: 16777216
[DEBUG] 2022-01-26 15:24:28.001 [main] PooledByteBufAllocator - -Dio.netty.allocator.smallCacheSize: 256
[DEBUG] 2022-01-26 15:24:28.001 [main] PooledByteBufAllocator - -Dio.netty.allocator.normalCacheSize: 64
[DEBUG] 2022-01-26 15:24:28.001 [main] PooledByteBufAllocator - -Dio.netty.allocator.maxCachedBufferCapacity: 32768
[DEBUG] 2022-01-26 15:24:28.001 [main] PooledByteBufAllocator - -Dio.netty.allocator.cacheTrimInterval: 8192
[DEBUG] 2022-01-26 15:24:28.002 [main] PooledByteBufAllocator - -Dio.netty.allocator.cacheTrimIntervalMillis: 0
[DEBUG] 2022-01-26 15:24:28.002 [main] PooledByteBufAllocator - -Dio.netty.allocator.useCacheForAllThreads: true
[DEBUG] 2022-01-26 15:24:28.002 [main] PooledByteBufAllocator - -Dio.netty.allocator.maxCachedByteBuffersPerChunk: 1023
[DEBUG] 2022-01-26 15:24:28.014 [main] ByteBufUtil - -Dio.netty.allocator.type: pooled
[DEBUG] 2022-01-26 15:24:28.014 [main] ByteBufUtil - -Dio.netty.threadLocalDirectBufferSize: 0
[DEBUG] 2022-01-26 15:24:28.014 [main] ByteBufUtil - -Dio.netty.maxThreadLocalCharBufferSize: 16384
[DEBUG] 2022-01-26 15:24:29.096 [Forwarding newSession on session null to remote] DefaultChannelId - -Dio.netty.processId: 10876 (auto-detected)
[DEBUG] 2022-01-26 15:24:29.100 [Forwarding newSession on session null to remote] NetUtil - -Djava.net.preferIPv4Stack: false
[DEBUG] 2022-01-26 15:24:29.101 [Forwarding newSession on session null to remote] NetUtil - -Djava.net.preferIPv6Addresses: false
[DEBUG] 2022-01-26 15:24:29.113 [Forwarding newSession on session null to remote] NetUtilInitializations - Loopback interface: lo (Software Loopback Interface 1, 127.0.0.1)
[DEBUG] 2022-01-26 15:24:29.114 [Forwarding newSession on session null to remote] NetUtil - Failed to get SOMAXCONN from sysctl and file \proc\sys\net\core\somaxconn. Default: 200
[DEBUG] 2022-01-26 15:24:29.144 [Forwarding newSession on session null to remote] DefaultChannelId - -Dio.netty.machineId: b0:fc:36:ff:fe:c9:7c:71 (auto-detected)
[DEBUG] 2022-01-26 15:24:29.193 [AsyncHttpClient-1-2] AbstractByteBuf - -Dio.netty.buffer.checkAccessible: true
[DEBUG] 2022-01-26 15:24:29.193 [AsyncHttpClient-1-2] AbstractByteBuf - -Dio.netty.buffer.checkBounds: true
[DEBUG] 2022-01-26 15:24:29.194 [AsyncHttpClient-1-2] ResourceLeakDetectorFactory - Loaded default ResourceLeakDetector: io.netty.util.ResourceLeakDetector@dc7b4ba
[DEBUG] 2022-01-26 15:24:29.216 [AsyncHttpClient-1-2] Recycler - -Dio.netty.recycler.maxCapacityPerThread: 4096
[DEBUG] 2022-01-26 15:24:29.217 [AsyncHttpClient-1-2] Recycler - -Dio.netty.recycler.maxSharedCapacityFactor: 2
[DEBUG] 2022-01-26 15:24:29.217 [AsyncHttpClient-1-2] Recycler - -Dio.netty.recycler.linkCapacity: 16
[DEBUG] 2022-01-26 15:24:29.217 [AsyncHttpClient-1-2] Recycler - -Dio.netty.recycler.ratio: 8
[DEBUG] 2022-01-26 15:24:29.217 [AsyncHttpClient-1-2] Recycler - -Dio.netty.recycler.delayedQueue.ratio: 8
[DEBUG] 2022-01-26 15:24:34.170 [AsyncHttpClient-1-2] Brotli - brotli4j not in the classpath; Brotli support will be unavailable.
[DEBUG] 2022-01-26 15:24:35.973 [main] ThreadLocalRandom - -Dio.netty.initialSeedUniquifier: 0xb77020398a3c33d0
[DEBUG] 2022-01-26 15:24:38.480 [main] PackageRelationshipCollection - Parsing relationship: /xl/_rels/workbook.xml.rels
[DEBUG] 2022-01-26 15:24:38.484 [main] PackageRelationshipCollection - Parsing relationship: /xl/worksheets/_rels/sheet1.xml.rels
[DEBUG] 2022-01-26 15:24:38.486 [main] PackageRelationshipCollection - Parsing relationship: /_rels/.rels
[DEBUG] 2022-01-26 15:24:39.713 [main] POIXMLFactory - using default POIXMLDocumentPart for http://schemas.openxmlformats.org/officeDocument/2006/relationships/printerSettings
[DEBUG] 2022-01-26 15:24:48.998 [main] Completetest - navigated to websiteFacebook – log in or sign up
[DEBUG] 2022-01-26 15:24:51.002 [main] Completetest - entered account details
]]></system-out>
    <system-err><![CDATA[SLF4J: Failed to load class "org.slf4j.impl.StaticLoggerBinder".
SLF4J: Defaulting to no-operation (NOP) logger implementation
SLF4J: See http://www.slf4j.org/codes.html#StaticLoggerBinder for further details.
Starting ChromeDriver 96.0.4664.45 (76e4c1bb2ab4671b8beba3444e61c0f17584b2fc-refs/branch-heads/4664@{#947}) on port 64592
Only local connections are allowed.
Please see https://chromedriver.chromium.org/security-considerations for suggestions on keeping ChromeDriver safe.
ChromeDriver was started successfully.
[1643190873.937][WARNING]: This version of ChromeDriver has not been tested with Chrome version 97.
Jan 26, 2022 3:24:35 PM org.openqa.selenium.remote.ProtocolHandshake createSession
INFO: Detected dialect: W3C
Jan 26, 2022 3:24:36 PM org.openqa.selenium.devtools.CdpVersionFinder findNearestMatch
WARNING: Unable to find an exact match for CDP version 97, so returning the closest version found: 96
Jan 26, 2022 3:24:36 PM org.openqa.selenium.devtools.CdpVersionFinder findNearestMatch
INFO: Found CDP implementation for version 97 of 96
]]></system-err>
  </testcase>
  <testcase name="sample[{checkout=2022-01-23, checkin=2022-01-21}](1)" classname="test.Completetest" time="7.137">
    <system-out><![CDATA[[DEBUG] 2022-01-26 15:24:51.324 [main] PackageRelationshipCollection - Parsing relationship: /xl/_rels/workbook.xml.rels
[DEBUG] 2022-01-26 15:24:51.325 [main] PackageRelationshipCollection - Parsing relationship: /xl/worksheets/_rels/sheet1.xml.rels
[DEBUG] 2022-01-26 15:24:51.327 [main] PackageRelationshipCollection - Parsing relationship: /_rels/.rels
[DEBUG] 2022-01-26 15:24:51.347 [main] POIXMLFactory - using default POIXMLDocumentPart for http://schemas.openxmlformats.org/officeDocument/2006/relationships/printerSettings
]]></system-out>
  </testcase>
</testsuite>