<?xml version="1.0" encoding="UTF-8"?>
<testng-results ignored="0" total="2" passed="2" failed="0" skipped="0">
  <reporter-output>
  </reporter-output>
  <suite started-at="2022-01-26T15:24:36 IST" name="Suite" finished-at="2022-01-26T15:24:59 IST" duration-ms="22641">
    <groups>
    </groups>
    <test started-at="2022-01-26T15:24:36 IST" name="Test" finished-at="2022-01-26T15:24:59 IST" duration-ms="22641">
      <class name="test.Completetest">
        <test-method is-config="true" signature="setup()[pri:0, instance:test.Completetest@7baf1f5a]" started-at="2022-01-26T15:24:36 IST" name="setup" finished-at="2022-01-26T15:24:37 IST" duration-ms="941" status="PASS">
          <reporter-output>
          </reporter-output>
        </test-method> <!-- setup -->
        <test-method signature="facebook(java.util.HashMap)[pri:0, instance:test.Completetest@7baf1f5a]" started-at="2022-01-26T15:24:40 IST" name="facebook" data-provider="testdata" finished-at="2022-01-26T15:24:51 IST" duration-ms="10551" status="PASS">
          <params>
            <param index="0">
              <value>
                <![CDATA[{password=123456, last=shetty, first=navya, email=navyashetty@gmail.com}]]>
              </value>
            </param>
          </params>
          <reporter-output>
          </reporter-output>
        </test-method> <!-- facebook -->
        <test-method is-config="true" signature="afterMethod(org.testng.ITestResult)[pri:0, instance:test.Completetest@7baf1f5a]" started-at="2022-01-26T15:24:51 IST" name="afterMethod" finished-at="2022-01-26T15:24:51 IST" duration-ms="286" status="PASS">
          <params>
            <param index="0">
              <value>
                <![CDATA[[TestResult name=facebook status=SUCCESS method=Completetest.facebook(java.util.HashMap)[pri:0, instance:test.Completetest@7baf1f5a] output={null}]]]>
              </value>
            </param>
          </params>
          <reporter-output>
          </reporter-output>
        </test-method> <!-- afterMethod -->
        <test-method signature="sample(java.util.HashMap)[pri:0, instance:test.Completetest@7baf1f5a]" started-at="2022-01-26T15:24:51 IST" name="sample" data-provider="testdata" finished-at="2022-01-26T15:24:58 IST" duration-ms="7139" status="PASS">
          <params>
            <param index="0">
              <value>
                <![CDATA[{checkout=2022-01-23, checkin=2022-01-21}]]>
              </value>
            </param>
          </params>
          <reporter-output>
          </reporter-output>
        </test-method> <!-- sample -->
        <test-method is-config="true" signature="afterMethod(org.testng.ITestResult)[pri:0, instance:test.Completetest@7baf1f5a]" started-at="2022-01-26T15:24:58 IST" name="afterMethod" finished-at="2022-01-26T15:24:58 IST" duration-ms="145" status="PASS">
          <params>
            <param index="0">
              <value>
                <![CDATA[[TestResult name=sample status=SUCCESS method=Completetest.sample(java.util.HashMap)[pri:0, instance:test.Completetest@7baf1f5a] output={null}]]]>
              </value>
            </param>
          </params>
          <reporter-output>
          </reporter-output>
        </test-method> <!-- afterMethod -->
        <test-method is-config="true" signature="closeDriver()[pri:0, instance:test.Completetest@7baf1f5a]" started-at="2022-01-26T15:24:58 IST" name="closeDriver" finished-at="2022-01-26T15:24:59 IST" duration-ms="905" status="PASS">
          <reporter-output>
          </reporter-output>
        </test-method> <!-- closeDriver -->
      </class> <!-- test.Completetest -->
    </test> <!-- Test -->
  </suite> <!-- Suite -->
</testng-results>
