<?xml version="1.0" encoding="UTF-8"?>
<testng-results ignored="0" total="2" passed="2" failed="0" skipped="0">
  <reporter-output>
  </reporter-output>
  <suite started-at="2022-01-22T17:46:53 IST" name="Default suite" finished-at="2022-01-22T17:47:05 IST" duration-ms="11766">
    <groups>
    </groups>
    <test started-at="2022-01-22T17:46:53 IST" name="Default test" finished-at="2022-01-22T17:47:05 IST" duration-ms="11766">
      <class name="test.Completetest">
        <test-method signature="facebook(java.util.HashMap)[pri:0, instance:test.Completetest@7c4fc2bf]" started-at="2022-01-22T17:46:54 IST" name="facebook" data-provider="testdata" finished-at="2022-01-22T17:46:58 IST" duration-ms="4026" status="PASS">
          <params>
            <param index="0">
              <value>
                <![CDATA[{password=123456, last=shetty, first=navya, email=navyashetty@gmail.com}]]>
              </value>
            </param>
          </params>
          <reporter-output>
          </reporter-output>
        </test-method> <!-- facebook -->
        <test-method is-config="true" signature="afterMethod(org.testng.ITestResult)[pri:0, instance:test.Completetest@7c4fc2bf]" started-at="2022-01-22T17:46:58 IST" name="afterMethod" finished-at="2022-01-22T17:46:58 IST" duration-ms="238" status="PASS">
          <params>
            <param index="0">
              <value>
                <![CDATA[[TestResult name=facebook status=SUCCESS method=Completetest.facebook(java.util.HashMap)[pri:0, instance:test.Completetest@7c4fc2bf] output={null}]]]>
              </value>
            </param>
          </params>
          <reporter-output>
          </reporter-output>
        </test-method> <!-- afterMethod -->
        <test-method signature="sample(java.util.HashMap)[pri:0, instance:test.Completetest@7c4fc2bf]" started-at="2022-01-22T17:46:58 IST" name="sample" data-provider="testdata" finished-at="2022-01-22T17:47:04 IST" duration-ms="6157" status="PASS">
          <params>
            <param index="0">
              <value>
                <![CDATA[{checkout=2022-01-23, checkin=2022-01-21}]]>
              </value>
            </param>
          </params>
          <reporter-output>
          </reporter-output>
        </test-method> <!-- sample -->
        <test-method is-config="true" signature="afterMethod(org.testng.ITestResult)[pri:0, instance:test.Completetest@7c4fc2bf]" started-at="2022-01-22T17:47:04 IST" name="afterMethod" finished-at="2022-01-22T17:47:04 IST" duration-ms="180" status="PASS">
          <params>
            <param index="0">
              <value>
                <![CDATA[[TestResult name=sample status=SUCCESS method=Completetest.sample(java.util.HashMap)[pri:0, instance:test.Completetest@7c4fc2bf] output={null}]]]>
              </value>
            </param>
          </params>
          <reporter-output>
          </reporter-output>
        </test-method> <!-- afterMethod -->
        <test-method is-config="true" signature="closeDriver()[pri:0, instance:test.Completetest@7c4fc2bf]" started-at="2022-01-22T17:47:04 IST" name="closeDriver" finished-at="2022-01-22T17:47:05 IST" duration-ms="127" status="PASS">
          <reporter-output>
          </reporter-output>
        </test-method> <!-- closeDriver -->
      </class> <!-- test.Completetest -->
    </test> <!-- Default test -->
  </suite> <!-- Default suite -->
</testng-results>
